# JRE version: Java(TM) SE Runtime Environment (23.0.2+7) (build 23.0.2+7-58)
# Java VM: Java HotSpot(TM) 64-Bit Server VM (23.0.2+7-58, mixed mode, sharing, tiered, compressed oops, compressed class ptrs, g1 gc, windows-amd64)
GC Precious Log:
 CardTable entry size: 512
 Card Set container configuration: InlinePtr #cards 4 size 8 Array Of Cards #cards 64 size 144 Howl #buckets 8 coarsen threshold 14745 Howl Bitmap #cards 2048 size 272 coarsen threshold 1843 Card regions per heap region 1 cards per card region 16384
 CPUs: 32 total, 32 available
 Memory: 65220M
 Large Page Support: Disabled
 NUMA Support: Disabled
 Compressed Oops: Enabled (Zero based)
 Heap Region Size: 8M
 Heap Min Capacity: 8M
 Heap Initial Capacity: 1G
 Heap Max Capacity: 16312M
 Pre-touch: Disabled
 Parallel Workers: 23
 Concurrent Workers: 6
 Concurrent Refinement Workers: 23
 Periodic GC: Disabled
Heap:
 garbage-first heap   total reserved 16703488K, committed 147456K, used 71145K [0x0000000404800000, 0x0000000800000000)
  region size 8192K, 2 young (16384K), 1 survivors (8192K)
 Metaspace       used 33263K, committed 33728K, reserved 1114112K
  class space    used 3832K, committed 4032K, reserved 1048576K
GC Heap History (20 events):
Event: 0.882 GC heap before
{Heap before GC invocations=0 (full 0):
 garbage-first heap   total reserved 16703488K, committed 1048576K, used 49152K [0x0000000404800000, 0x0000000800000000)
  region size 8192K, 6 young (49152K), 0 survivors (0K)
 Metaspace       used 7516K, committed 7744K, reserved 1114112K
  class space    used 899K, committed 1024K, reserved 1048576K
}
Event: 0.887 GC heap after
{Heap after GC invocations=1 (full 0):
 garbage-first heap   total reserved 16703488K, committed 1048576K, used 4760K [0x0000000404800000, 0x0000000800000000)
  region size 8192K, 1 young (8192K), 1 survivors (8192K)
 Metaspace       used 7516K, committed 7744K, reserved 1114112K
  class space    used 899K, committed 1024K, reserved 1048576K
}
Event: 1.670 GC heap before
{Heap before GC invocations=1 (full 0):
 garbage-first heap   total reserved 16703488K, committed 1048576K, used 45720K [0x0000000404800000, 0x0000000800000000)
  region size 8192K, 6 young (49152K), 1 survivors (8192K)
 Metaspace       used 14883K, committed 15168K, reserved 1114112K
  class space    used 1844K, committed 1984K, reserved 1048576K
}
Event: 1.676 GC heap after
{Heap after GC invocations=2 (full 0):
 garbage-first heap   total reserved 16703488K, committed 1048576K, used 8913K [0x0000000404800000, 0x0000000800000000)
  region size 8192K, 1 young (8192K), 1 survivors (8192K)
 Metaspace       used 14883K, committed 15168K, reserved 1114112K
  class space    used 1844K, committed 1984K, reserved 1048576K
}
Event: 2.429 GC heap before
{Heap before GC invocations=2 (full 0):
 garbage-first heap   total reserved 16703488K, committed 1048576K, used 74449K [0x0000000404800000, 0x0000000800000000)
  region size 8192K, 9 young (73728K), 1 survivors (8192K)
 Metaspace       used 16198K, committed 16448K, reserved 1114112K
  class space    used 1924K, committed 2048K, reserved 1048576K
}
Event: 2.436 GC heap after
{Heap after GC invocations=3 (full 0):
 garbage-first heap   total reserved 16703488K, committed 1048576K, used 15030K [0x0000000404800000, 0x0000000800000000)
  region size 8192K, 2 young (16384K), 2 survivors (16384K)
 Metaspace       used 16198K, committed 16448K, reserved 1114112K
  class space    used 1924K, committed 2048K, reserved 1048576K
}
Event: 3.511 GC heap before
{Heap before GC invocations=3 (full 0):
 garbage-first heap   total reserved 16703488K, committed 1048576K, used 121526K [0x0000000404800000, 0x0000000800000000)
  region size 8192K, 11 young (90112K), 2 survivors (16384K)
 Metaspace       used 20178K, committed 20544K, reserved 1114112K
  class space    used 2350K, committed 2496K, reserved 1048576K
}
Event: 3.518 GC heap after
{Heap after GC invocations=4 (full 0):
 garbage-first heap   total reserved 16703488K, committed 1048576K, used 18280K [0x0000000404800000, 0x0000000800000000)
  region size 8192K, 2 young (16384K), 2 survivors (16384K)
 Metaspace       used 20178K, committed 20544K, reserved 1114112K
  class space    used 2350K, committed 2496K, reserved 1048576K
}
Event: 3.731 GC heap before
{Heap before GC invocations=4 (full 0):
 garbage-first heap   total reserved 16703488K, committed 1048576K, used 26472K [0x0000000404800000, 0x0000000800000000)
  region size 8192K, 5 young (40960K), 2 survivors (16384K)
 Metaspace       used 21241K, committed 21504K, reserved 1114112K
  class space    used 2511K, committed 2624K, reserved 1048576K
}
Event: 3.736 GC heap after
{Heap after GC invocations=5 (full 0):
 garbage-first heap   total reserved 16703488K, committed 1048576K, used 25978K [0x0000000404800000, 0x0000000800000000)
  region size 8192K, 2 young (16384K), 2 survivors (16384K)
 Metaspace       used 21241K, committed 21504K, reserved 1114112K
  class space    used 2511K, committed 2624K, reserved 1048576K
}
Event: 5.084 GC heap before
{Heap before GC invocations=6 (full 0):
 garbage-first heap   total reserved 16703488K, committed 114688K, used 107898K [0x0000000404800000, 0x0000000800000000)
  region size 8192K, 12 young (98304K), 2 survivors (16384K)
 Metaspace       used 28063K, committed 28416K, reserved 1114112K
  class space    used 3277K, committed 3456K, reserved 1048576K
}
Event: 5.093 GC heap after
{Heap after GC invocations=7 (full 0):
 garbage-first heap   total reserved 16703488K, committed 147456K, used 41250K [0x0000000404800000, 0x0000000800000000)
  region size 8192K, 3 young (24576K), 3 survivors (24576K)
 Metaspace       used 28063K, committed 28416K, reserved 1114112K
  class space    used 3277K, committed 3456K, reserved 1048576K
}
Event: 5.782 GC heap before
{Heap before GC invocations=7 (full 0):
 garbage-first heap   total reserved 16703488K, committed 147456K, used 98594K [0x0000000404800000, 0x0000000800000000)
  region size 8192K, 10 young (81920K), 3 survivors (24576K)
 Metaspace       used 30060K, committed 30400K, reserved 1114112K
  class space    used 3493K, committed 3648K, reserved 1048576K
}
Event: 5.790 GC heap after
{Heap after GC invocations=8 (full 0):
 garbage-first heap   total reserved 16703488K, committed 147456K, used 44667K [0x0000000404800000, 0x0000000800000000)
  region size 8192K, 1 young (8192K), 1 survivors (8192K)
 Metaspace       used 30060K, committed 30400K, reserved 1114112K
  class space    used 3493K, committed 3648K, reserved 1048576K
}
Event: 6.716 GC heap before
{Heap before GC invocations=8 (full 0):
 garbage-first heap   total reserved 16703488K, committed 147456K, used 102011K [0x0000000404800000, 0x0000000800000000)
  region size 8192K, 8 young (65536K), 1 survivors (8192K)
 Metaspace       used 31517K, committed 31936K, reserved 1114112K
  class space    used 3636K, committed 3840K, reserved 1048576K
}
Event: 6.722 GC heap after
{Heap after GC invocations=9 (full 0):
 garbage-first heap   total reserved 16703488K, committed 147456K, used 55543K [0x0000000404800000, 0x0000000800000000)
  region size 8192K, 1 young (8192K), 1 survivors (8192K)
 Metaspace       used 31517K, committed 31936K, reserved 1114112K
  class space    used 3636K, committed 3840K, reserved 1048576K
}
Event: 7.363 GC heap before
{Heap before GC invocations=9 (full 0):
 garbage-first heap   total reserved 16703488K, committed 147456K, used 104695K [0x0000000404800000, 0x0000000800000000)
  region size 8192K, 7 young (57344K), 1 survivors (8192K)
 Metaspace       used 32042K, committed 32576K, reserved 1114112K
  class space    used 3689K, committed 3904K, reserved 1048576K
}
Event: 7.371 GC heap after
{Heap after GC invocations=10 (full 0):
 garbage-first heap   total reserved 16703488K, committed 147456K, used 71691K [0x0000000404800000, 0x0000000800000000)
  region size 8192K, 1 young (8192K), 1 survivors (8192K)
 Metaspace       used 32042K, committed 32576K, reserved 1114112K
  class space    used 3689K, committed 3904K, reserved 1048576K
}
Event: 7.800 GC heap before
{Heap before GC invocations=10 (full 0):
 garbage-first heap   total reserved 16703488K, committed 147456K, used 104459K [0x0000000404800000, 0x0000000800000000)
  region size 8192K, 5 young (40960K), 1 survivors (8192K)
 Metaspace       used 33156K, committed 33600K, reserved 1114112K
  class space    used 3816K, committed 4032K, reserved 1048576K
}
Event: 7.803 GC heap after
{Heap after GC invocations=11 (full 0):
 garbage-first heap   total reserved 16703488K, committed 147456K, used 71145K [0x0000000404800000, 0x0000000800000000)
  region size 8192K, 1 young (8192K), 1 survivors (8192K)
 Metaspace       used 33156K, committed 33600K, reserved 1114112K
  class space    used 3816K, committed 4032K, reserved 1048576K
}

